{"/home/hodal/new/API-Backend/cloneArray.js": {"path":"/home/hodal/new/API-Backend/cloneArray.js","statementMap":{"0":{"start":{"line":2,"column":4},"end":{"line":2,"column":21}},"1":{"start":{"line":4,"column":0},"end":{"line":4,"column":26}}},"fnMap":{"0":{"name":"cloneArray","decl":{"start":{"line":1,"column":9},"end":{"line":1,"column":19}},"loc":{"start":{"line":1,"column":26},"end":{"line":3,"column":1}},"line":1}},"branchMap":{},"s":{"0":1,"1":1},"f":{"0":1},"b":{},"_coverageSchema":"1a1c01bbd47fc00a2c39e90264f33305004495a9","hash":"d150c7121399c4f297893187ebb49600f27fc816"}
,"/home/hodal/new/API-Backend/sum.js": {"path":"/home/hodal/new/API-Backend/sum.js","statementMap":{"0":{"start":{"line":6,"column":12},"end":{"line":10,"column":1}},"1":{"start":{"line":7,"column":22},"end":{"line":7,"column":31}},"2":{"start":{"line":8,"column":22},"end":{"line":8,"column":31}},"3":{"start":{"line":11,"column":0},"end":{"line":11,"column":21}}},"fnMap":{"0":{"name":"(anonymous_0)","decl":{"start":{"line":7,"column":8},"end":{"line":7,"column":9}},"loc":{"start":{"line":7,"column":22},"end":{"line":7,"column":31}},"line":7},"1":{"name":"(anonymous_1)","decl":{"start":{"line":8,"column":8},"end":{"line":8,"column":9}},"loc":{"start":{"line":8,"column":22},"end":{"line":8,"column":31}},"line":8}},"branchMap":{},"s":{"0":1,"1":1,"2":1,"3":1},"f":{"0":1,"1":1},"b":{},"_coverageSchema":"1a1c01bbd47fc00a2c39e90264f33305004495a9","hash":"e92003f8bb11a9e02ff7daea89a337bc7fee7243"}
}
